=== WFuzz Debug Log ===
Job ID: wfuzz_1752404396812
Command: wfuzz -w "/home/kalkiavtar/projects/Fuzzer-summerSchool-project/wordlists/common.txt" -u "http://testphp.vulnweb.com/artists.php?FUZZ=1" -f "/home/kalkiavtar/projects/Fuzzer-summerSchool-project/results/wfuzz_1752404396812.txt" --hc 404,500 --script helpers=html --oformat json --follow -s 1 -t 5 -v
Start Time: 2025-07-13T10:59:56.810Z
Execution Time: 739ms

=== STDOUT ===
********************************************************
* Wfuzz 3.1.0 - The Web Fuzzer                         *
*                                                      *
* Version up to 1.4c coded by:                         *
* Christian Martorella (cmartorella@edge-security.com) *
* Carlos del ojo (deepbit@gmail.com)                   *
*                                                      *
* Version 1.4d to 3.1.0 coded by:                      *
* Xavier Mendez (xmendez@edge-security.com)            *
********************************************************

Usage:	wfuzz [options] -z payload,params <url>

	FUZZ, ..., FUZnZ  wherever you put these keywords wfuzz will replace them with the values of the specified payload.
	FUZZ{baseline_value} FUZZ will be replaced by baseline_value. It will be the first request performed and could be used as a base for filtering.


Examples:
	wfuzz -c -z file,users.txt -z file,pass.txt --sc 200 http://www.site.com/log.asp?user=FUZZ&pass=FUZ2Z
	wfuzz -c -z range,1-10 --hc=BBB http://www.site.com/FUZZ{something not there}
	wfuzz --script=robots -z list,robots.txt http://www.webscantest.com/FUZZ

Type wfuzz -h for further information or --help for advanced usage.


=== STDERR ===
 /usr/lib/python3/dist-packages/wfuzz/__init__.py:34: UserWarning:Pycurl is not compiled against Openssl. Wfuzz might not work correctly when fuzzing SSL sites. Check Wfuzz's documentation for more information.
 /usr/lib/python3/dist-packages/wfuzz/wfuzz.py:78: UserWarning:Fatal exception: option --oformat not recognized.
